https://www.instagram.com/p/Cuh-y4XpiPj/
https://www.instagram.com/p/CuXOeTDrBX1/
https://www.instagram.com/p/CuP9FMOpHPm/
https://www.instagram.com/p/Ct1usWBLShR/
https://www.instagram.com/p/CthNJKOO97F/
https://www.instagram.com/p/CtSLH8Fpv3V/
https://www.instagram.com/p/Cs9ke1RpCq2/
https://www.instagram.com/p/CsrjYqrpZ-t/
https://www.instagram.com/p/Cse3t7kJjOq/
https://www.instagram.com/p/CsUX0EXJMij/
https://www.instagram.com/p/CsIAxQGt-2K/
https://www.instagram.com/p/Cr3sr3jJ4pu/
https://www.instagram.com/p/CrtwJPjpAyN/
https://www.instagram.com/p/CrUAXRCp8Tq/
https://www.instagram.com/p/Cq3rDHppkAd/
https://www.instagram.com/p/Cqv8_9opAA8/
https://www.instagram.com/p/Cqdnhx1pMKE/
https://www.instagram.com/p/CqL6CchJVdv/
https://www.instagram.com/p/Cp24fxep3f2/
https://www.instagram.com/p/CpgPTjTJvFz/
https://www.instagram.com/p/CpJL0VBJqph/
https://www.instagram.com/p/CpBVbRqpD7X/
https://www.instagram.com/p/CovC1gup_fT/
https://www.instagram.com/p/CoiSwcRJyrl/
https://www.instagram.com/p/CoIsBbwJXX5/
https://www.instagram.com/p/Cn70OyJpJR1/
https://www.instagram.com/p/Cnuy0mSJOdC/
https://www.instagram.com/p/CnkIncvpfFv/
https://www.instagram.com/p/CnVKAZQptlo/
https://www.instagram.com/p/CnAaVDupKfk/
https://www.instagram.com/p/CmzuTG0JDKC/
https://www.instagram.com/p/Cmcin4JuMk1/
https://www.instagram.com/p/CmR4xiopRfv/
https://www.instagram.com/p/Cl9hMUjpex2/
https://www.instagram.com/p/Cl4f1zIpYLw/
https://www.instagram.com/p/ClpDTVlp0Gl/
https://www.instagram.com/p/ClT3sdWJMcZ/
https://www.instagram.com/p/ClHkdHGJuBw/
https://www.instagram.com/p/ClCa_aSJICe/
https://www.instagram.com/p/Cky-ErKJWqT/
https://www.instagram.com/p/Ckg1bWYph0E/
https://www.instagram.com/p/CkQ-GyRJeXw/
https://www.instagram.com/p/Cj8zU4WJ_rv/
https://www.instagram.com/p/Cjs7visrE4B/
https://www.instagram.com/p/CjYwLGWJ7fD/
https://www.instagram.com/p/CjGujsYpya4/
https://www.instagram.com/p/Ci5UMk1rNEO/
https://www.instagram.com/p/CilQhasJMA1/
https://www.instagram.com/p/CidGjzqJDk3/
https://www.instagram.com/p/CiQQ53ypLjH/
https://www.instagram.com/p/CiBMfr0J5rF/
https://www.instagram.com/p/Ch5H7bsJN6T/
https://www.instagram.com/p/ChqBGKFJus5/
https://www.instagram.com/p/ChXhQE8uzNl/
https://www.instagram.com/p/ChF-20yJYXx/
https://www.instagram.com/p/Cg2i6GPpgCV/
https://www.instagram.com/p/CgnEoS6pgtr/
https://www.instagram.com/p/CgSjSzFpWBS/
https://www.instagram.com/p/CgDAKNLpobZ/
https://www.instagram.com/p/Cf94Ah9pPNR/
https://www.instagram.com/p/CfxAGvzJIOR/
https://www.instagram.com/p/CfZUE4qLTwB/
https://www.instagram.com/p/CfPC24Ur-iW/
https://www.instagram.com/p/CfCjHF3JETS/
https://www.instagram.com/p/CercczHJhWY/
https://www.instagram.com/p/CejwjE_p9Co/
https://www.instagram.com/p/CeUOMgOJPkO/
https://www.instagram.com/p/Cd_s6jfpDDI/
https://www.instagram.com/p/Cd1TFXZJbk-/
https://www.instagram.com/p/CdZF-JnJwpE/
https://www.instagram.com/p/CdHEBwTp_Y0/
https://www.instagram.com/p/Cc8aUlBpS5b/
https://www.instagram.com/p/CcjAa05JtZ-/
https://www.instagram.com/p/CcWKWUGJcqi/
https://www.instagram.com/p/Cb-9CXwpbxL/
https://www.instagram.com/p/CbvgiD2J6WA/
https://www.instagram.com/p/CbiBNC2gQ38/
https://www.instagram.com/p/CbLbhpHpwbA/
https://www.instagram.com/p/Ca-XNKopg34/
https://www.instagram.com/p/Caadj1fpmwE/
https://www.instagram.com/p/CaGB9X5JjnO/
https://www.instagram.com/p/CZxaxeMpQQa/
https://www.instagram.com/p/CZcXf5VJWu1/
https://www.instagram.com/p/CZKXBr5pbr_/
https://www.instagram.com/p/CY7Q65ip2rG/
https://www.instagram.com/p/CYr4kIopQUQ/
https://www.instagram.com/p/CYUsLzuJTfi/
https://www.instagram.com/p/CX10esxpL7V/
https://www.instagram.com/p/CXzORNwpxEV/
https://www.instagram.com/p/CXPefqRF7-u/
https://www.instagram.com/p/CXEV2BSFYJB/
https://www.instagram.com/p/CW3-pw5J_7e/
https://www.instagram.com/p/CWeSr1WpkpK/
https://www.instagram.com/p/CWZJJigp6hK/
https://www.instagram.com/p/CWG_k2OJSIu/
https://www.instagram.com/p/CV3kP0ipLP8/
https://www.instagram.com/p/CVyQLURJhMt/
https://www.instagram.com/p/CVqv938pPcp/
https://www.instagram.com/p/CVlir0SJmx9/
https://www.instagram.com/p/CVGWxxsFGCP/
https://www.instagram.com/p/CU-65RwlRvD/
https://www.instagram.com/p/CUdcpjSFJoA/
https://www.instagram.com/p/CUN49LnJQSj/
https://www.instagram.com/p/CUDdHewJPPq/
https://www.instagram.com/p/CT20S6lp6Uw/
https://www.instagram.com/p/CTp8glbJBp8/
https://www.instagram.com/p/CTF5F21pUpT/
https://www.instagram.com/p/CS-KxZiJRZB/
https://www.instagram.com/p/CSw3ByBFWYE/
https://www.instagram.com/p/CSctLg5Jw2I/
https://www.instagram.com/p/CSFjnK5JzCI/
https://www.instagram.com/p/CRwSS09p5nU/
https://www.instagram.com/p/CRmoYB5lLgL/
https://www.instagram.com/p/CRXURUop0Rl/
https://www.instagram.com/p/CRHuJCvl_on/
https://www.instagram.com/p/CQy_cOrlaUa/
https://www.instagram.com/p/CQehd-pJKAQ/
https://www.instagram.com/p/CQPFE95JwJD/
https://www.instagram.com/p/CQBkKKJJNQX/
https://www.instagram.com/p/CPyicuAJhOo/
https://www.instagram.com/p/CPgXZzYlrNt/
https://www.instagram.com/p/CPG-w6zpqY5/
https://www.instagram.com/p/CO3ii5-lW3e/
https://www.instagram.com/p/COiwL1VJsmA/
https://www.instagram.com/p/COdyBYkJmnL/
https://www.instagram.com/p/COLw4GTlyks/
https://www.instagram.com/p/COBdXweFkUO/
https://www.instagram.com/p/CNvqdJSF3Uz/
https://www.instagram.com/p/CNYdC8nFmpe/
https://www.instagram.com/p/CNIzuFJpV3f/
https://www.instagram.com/p/CM2yuHHphmY/
https://www.instagram.com/p/CMpzT-gJD2w/
https://www.instagram.com/p/CMAzox7FISE/
https://www.instagram.com/p/CLnS6NvlEHP/
https://www.instagram.com/p/CLuyhtklijU/
https://www.instagram.com/p/CLXuzFPllYj/
https://www.instagram.com/p/CK9uSaPFvoA/
https://www.instagram.com/p/CKenREyFmgI/
https://www.instagram.com/p/CKrx3kQF-sw/
https://www.instagram.com/p/CKMx3ukFgZ7/
https://www.instagram.com/p/CJ6ieu7FZHd/
https://www.instagram.com/p/CJtrCj_FV1T/
https://www.instagram.com/p/CJgk9BlFx-F/
https://www.instagram.com/p/CI3fphylPca/
https://www.instagram.com/p/CIlhYjgl9Co/
https://www.instagram.com/p/CIQ_k91pt3I/
https://www.instagram.com/p/CH54YLApmjz/
https://www.instagram.com/p/CHjAMXtl5fT/
https://www.instagram.com/p/CHV1F58lG9o/
https://www.instagram.com/p/CG-pMB7pY1Q/
https://www.instagram.com/p/BU3HVtdBbjP/
https://www.instagram.com/p/BB0U1rPowyS/
https://www.instagram.com/p/B6T0jtUpNfz/
https://www.instagram.com/p/BSSIALWhodj/
https://www.instagram.com/p/BarojYvFB-Y/
https://www.instagram.com/p/B4-WcQKlOZZ/
https://www.instagram.com/p/BiKWDnZlIIg/
https://www.instagram.com/p/ByYgS9OlwO7/
https://www.instagram.com/p/BQToOXHA45R/
https://www.instagram.com/p/BL1zmYNgKZZ/
https://www.instagram.com/p/Bp-e6e2AL2p/
https://www.instagram.com/p/B2AO05Flr3R/
https://www.instagram.com/p/BNfPF7kBBd2/
https://www.instagram.com/p/BOsh6mnBSRD/
https://www.instagram.com/p/BPOHPviB_eC/
https://www.instagram.com/p/CA77eAHJ0xG/
https://www.instagram.com/p/Bz6ALttl71x/
https://www.instagram.com/p/Bz1NhF5l1hz/
https://www.instagram.com/p/BuuU2rVlIsH/
https://www.instagram.com/p/BRch1mzBUgp/
https://www.instagram.com/p/CFiA8stlp4R/
https://www.instagram.com/p/CDwMD7XpcMs/
https://www.instagram.com/p/BdG5ogeBmfh/
https://www.instagram.com/p/BPf3gDph3M8/
https://www.instagram.com/p/BPVOMJLhRwk/
https://www.instagram.com/p/BSZntMbh-il/
https://www.instagram.com/p/BZ8wmgfBd3H/
https://www.instagram.com/p/BVkvKcMh_P0/
https://www.instagram.com/p/BlyB5zPFlPz/
https://www.instagram.com/p/BMckdUjgHmc/
https://www.instagram.com/p/BokNs6rleQI/
https://www.instagram.com/p/BHyVPoEhSVV/
https://www.instagram.com/p/CGakrf8FMen/
https://www.instagram.com/p/Bt6zTv3lwiV/
https://www.instagram.com/p/BWwRp0fBW9A/
https://www.instagram.com/p/BUEDMrmh_Aj/
https://www.instagram.com/p/BmO9BIalxEE/
https://www.instagram.com/p/BgFHsmRFgpA/
https://www.instagram.com/p/B4ikesPFvHK/
https://www.instagram.com/p/BeqQv7pBld4/
https://www.instagram.com/p/BPJVcfjhCqp/
https://www.instagram.com/p/B7UOxAWpLY3/
https://www.instagram.com/p/Bw-aDxhFO5B/
https://www.instagram.com/p/BoPqsxyldW8/
https://www.instagram.com/p/BOKxpiZB5QN/
https://www.instagram.com/p/Bs_nBPug7Dx/
https://www.instagram.com/p/BV-zctMBf_5/
https://www.instagram.com/p/BX6r2L9B3zQ/
https://www.instagram.com/p/BrvP5UsA1uD/
https://www.instagram.com/p/BB0T3qgowwC/
https://www.instagram.com/p/BM93aJIhfZ-/
https://www.instagram.com/p/Bn4cgGMlQuV/
https://www.instagram.com/p/BNsYt31Bz8V/
https://www.instagram.com/p/BB0S_VUow-A/
https://www.instagram.com/p/BvPr41-lonV/
https://www.instagram.com/p/BoKf4cWlXTX/
https://www.instagram.com/p/B3aW9oTlV8b/
https://www.instagram.com/p/BaW3-8JhUYL/
https://www.instagram.com/p/BbUu8KsB7kx/
https://www.instagram.com/p/Bfg-efnBsgL/
https://www.instagram.com/p/Bd8BAy0Bg9H/
https://www.instagram.com/p/BUk22Kghf9K/
https://www.instagram.com/p/CEKQP56pnaU/
https://www.instagram.com/p/BW1kiZkB-FE/
https://www.instagram.com/p/B8w8QzzpdFI/
https://www.instagram.com/p/BcYX5JolZxX/
https://www.instagram.com/p/BWv4JUIhUuq/
https://www.instagram.com/p/CBtIzdgJZPZ/
https://www.instagram.com/p/B-fX_lpl44P/
https://www.instagram.com/p/B6Ota7Mp6Ki/
https://www.instagram.com/p/CAN5Pe7JO1R/
https://www.instagram.com/p/ByvQ_TbFURe/
https://www.instagram.com/p/Bjav2KPFNUz/
https://www.instagram.com/p/B1rrD-sFwEj/
https://www.instagram.com/p/BZEeAuKhsyj/
https://www.instagram.com/p/Bu82_rTFoBI/
https://www.instagram.com/p/CFNR6KBpRd8/
https://www.instagram.com/p/Bm6LZExFQaK/
https://www.instagram.com/p/BB0Q2WCIw5E/
https://www.instagram.com/p/CAeZhJAJqKp/
https://www.instagram.com/p/B_kupjCJGEl/
https://www.instagram.com/p/B6bm8gcp0E2/
https://www.instagram.com/p/BfzDA07BKhk/
https://www.instagram.com/p/BZWz4ozh6_g/
https://www.instagram.com/p/BYWfMKXBWh1/
https://www.instagram.com/p/B_L65EspHzR/
https://www.instagram.com/p/Bv9hbfFFjBo/
https://www.instagram.com/p/Bvzu54XFcJm/
https://www.instagram.com/p/BWgDA2qBqFu/
https://www.instagram.com/p/BaclTZtB0ZO/
https://www.instagram.com/p/BWQwuJShOJI/
https://www.instagram.com/p/BS8_aOUh6vn/
https://www.instagram.com/p/BvumbwJFvpo/
https://www.instagram.com/p/BPtU6MxhObO/
https://www.instagram.com/p/BKell8-AdWR/
https://www.instagram.com/p/BHyRrvyhH58/
https://www.instagram.com/p/Bd00WBSBWn_/
https://www.instagram.com/p/CE4p67IpW72/
https://www.instagram.com/p/BjPvDq7leGo/
https://www.instagram.com/p/B8AAnOspaI1/
https://www.instagram.com/p/BYyxSGCBT8G/
https://www.instagram.com/p/BNNDLvkh7Ss/
https://www.instagram.com/p/BdTVbIWhjQ1/
https://www.instagram.com/p/BM94nzhBgGQ/
https://www.instagram.com/p/B2SQGnrlyPP/
https://www.instagram.com/p/CBbVAM6JMjT/
https://www.instagram.com/p/BLM7gvMBp1H/
https://www.instagram.com/p/B-abMDEJM0c/
https://www.instagram.com/p/BSCx0rUBFxS/
https://www.instagram.com/p/BMxEhT_g-Qi/
https://www.instagram.com/p/BRxGTMRBLT8/
https://www.instagram.com/p/BsjEPo3guHY/
https://www.instagram.com/p/BeGZaUhB0IW/
https://www.instagram.com/p/BXZDtWeBs-J/
https://www.instagram.com/p/BOYq9PDhZ7S/
https://www.instagram.com/p/BHv0uAnh4Jm/
https://www.instagram.com/p/B74RkQzpknp/
https://www.instagram.com/p/BwXzo_SlsQK/
https://www.instagram.com/p/BhxH5ShFkWA/
https://www.instagram.com/p/BbpExDFBCUV/
https://www.instagram.com/p/BrGjdtxg1IH/
https://www.instagram.com/p/BU5BGtvBJsf/
https://www.instagram.com/p/BhASmQQBejX/
https://www.instagram.com/p/CFz4d-GleBz/
https://www.instagram.com/p/ByqkVTKFlid/
https://www.instagram.com/p/BK6sifhhM-P/
https://www.instagram.com/p/BZo4LNHhFxx/
https://www.instagram.com/p/BmOnZp-lJ15/
https://www.instagram.com/p/B3718qCp2RS/
https://www.instagram.com/p/BTuExtPBzoY/
https://www.instagram.com/p/BLE_kFChQEu/
https://www.instagram.com/p/Bi2o26-lA-A/
https://www.instagram.com/p/BQoomidh5yf/
https://www.instagram.com/p/BKyYGrUhoW5/
https://www.instagram.com/p/B-Ic0IupM4l/
https://www.instagram.com/p/B0UJz7clduZ/
https://www.instagram.com/p/Bj-tp9Ml1Ql/
https://www.instagram.com/p/BpXvtczALWP/
https://www.instagram.com/p/B6wNO_4JC9K/
https://www.instagram.com/p/BlGzbceF9ut/
https://www.instagram.com/p/CGshDgElgIr/
https://www.instagram.com/p/BQ_aMoSBezH/
https://www.instagram.com/p/BLU80v8AFj5/
https://www.instagram.com/p/BpFtUMJFoj9/
https://www.instagram.com/p/BwfBhT_lMES/
https://www.instagram.com/p/B2zuijWFRaV/
https://www.instagram.com/p/BTptwTEhDE7/
https://www.instagram.com/p/ByBXC8ZlGtO/
https://www.instagram.com/p/BebfFqWBUYN/
https://www.instagram.com/p/BtGyfWmAQ4j/
https://www.instagram.com/p/BhC88r7BnI6/
https://www.instagram.com/p/B8hgzDOJz5b/
https://www.instagram.com/p/B1ZnqYKlQQp/
https://www.instagram.com/p/BNGGuDGh9L8/
https://www.instagram.com/p/BaJwZz-BNoy/
https://www.instagram.com/p/B0v6XioJ3lx/
https://www.instagram.com/p/B43KmgdloB2/
https://www.instagram.com/p/BKefK4lgUtR/
https://www.instagram.com/p/B1zX_jDlrMw/
https://www.instagram.com/p/BS19EL9BwzZ/
https://www.instagram.com/p/BMcjIPPAnFU/
https://www.instagram.com/p/BlgC9ewlchP/
https://www.instagram.com/p/BVK4XNkBXX8/
https://www.instagram.com/p/BVs-q2VhT7v/
https://www.instagram.com/p/BUqFxtHB__C/
https://www.instagram.com/p/BbxxaqfBRq9/
https://www.instagram.com/p/BZ6T8vChKjm/
https://www.instagram.com/p/BV4tFmeBzfx/
https://www.instagram.com/p/BxVJ3dRlvkH/
https://www.instagram.com/p/Bqx9s-zAfIU/
https://www.instagram.com/p/BURthRgBaDi/
https://www.instagram.com/p/B7mQr1YJko3/
https://www.instagram.com/p/BSnJt-0B5KB/
https://www.instagram.com/p/BSWUeduhWI1/
https://www.instagram.com/p/BKoS81KAqcq/
https://www.instagram.com/p/BNIpSZhB6r1/
https://www.instagram.com/p/B-7vRL4pdf0/
https://www.instagram.com/p/BYgvab5hvGt/
https://www.instagram.com/p/BchmkpthUJR/
https://www.instagram.com/p/BfRPVT-Bv1p/
https://www.instagram.com/p/BcK32eDhiPf/
https://www.instagram.com/p/BUj6lnvB94l/
https://www.instagram.com/p/Be9BZZjhIbu/
https://www.instagram.com/p/BNzdrQZhRCP/
https://www.instagram.com/p/BgtpCkEB0TY/
https://www.instagram.com/p/B6_oJMjp4FE/
https://www.instagram.com/p/BLFEcE_hmGk/
https://www.instagram.com/p/BVICcjfhWqQ/
https://www.instagram.com/p/BNAXz75Bn_g/
https://www.instagram.com/p/Bk3WXYOFMsT/
https://www.instagram.com/p/BTT0mg9hkOT/
https://www.instagram.com/p/B3pz-bmlYkg/
https://www.instagram.com/p/B0d8cyuF9aM/
https://www.instagram.com/p/BRjkZ4oBtfx/
https://www.instagram.com/p/BstkAR3A9YM/
https://www.instagram.com/p/Bkagp_zFje8/
https://www.instagram.com/p/BroBiITgvQn/
https://www.instagram.com/p/BXqblVWhydM/
https://www.instagram.com/p/BhcZsOplxYF/
https://www.instagram.com/p/CEkCFrdpHNy/
https://www.instagram.com/p/BXIzJ3LBZQS/
https://www.instagram.com/p/CCy80AxJjrD/
https://www.instagram.com/p/Ba9rvZXB-7y/
https://www.instagram.com/p/BcxWTa-BqNF/
https://www.instagram.com/p/B9m4_Rwpsgd/
https://www.instagram.com/p/BQELylClSZi/
https://www.instagram.com/p/BB0P-GwIw21/
https://www.instagram.com/p/B4A_CHjJISX/
https://www.instagram.com/p/BZ8xdw-B3GL/
https://www.instagram.com/p/Bt1pIGKlfz6/
https://www.instagram.com/p/BjsqqkSF6lH/
https://www.instagram.com/p/BTMjxu2hM1y/
https://www.instagram.com/p/BQooIucBSMt/
https://www.instagram.com/p/B8UKzs1pNOn/
https://www.instagram.com/p/CC_ZEGWpa4L/
https://www.instagram.com/p/BRfFDr2BlVR/
https://www.instagram.com/p/BTKlqXphqa0/
https://www.instagram.com/p/BVagmn-B-gu/
https://www.instagram.com/p/BxDUdF9lQw4/
https://www.instagram.com/p/BnZlE0OlmFA/
https://www.instagram.com/p/BvAMxvyFsfY/
https://www.instagram.com/p/Bp2v8CzgZv_/
https://www.instagram.com/p/BB0UHrNIwwr/
https://www.instagram.com/p/Burt99tlRTN/
https://www.instagram.com/p/CCgu1f9JKcu/
https://www.instagram.com/p/BRwT8B8hudt/
https://www.instagram.com/p/Bzbc9yDl8j4/
https://www.instagram.com/p/B97b3kmpyT_/
https://www.instagram.com/p/BuXJJLqFCCM/
https://www.instagram.com/p/BOY7Y1AB7Qb/
https://www.instagram.com/p/BYOxRdcBWcy/
https://www.instagram.com/p/BL-FPRhA5B-/
https://www.instagram.com/p/BLjxsKRAt6X/
https://www.instagram.com/p/B2m4B7BlU3r/
https://www.instagram.com/p/B5Yo5LJF8Hb/
https://www.instagram.com/p/CCJawSUJ8jK/
https://www.instagram.com/p/Bm1g_aJl4ea/
https://www.instagram.com/p/BLOjJP9BD80/
https://www.instagram.com/p/CGDkSsVFvQS/
https://www.instagram.com/p/CDZP9byp0CB/
https://www.instagram.com/p/B5tPcWUFa6b/
https://www.instagram.com/p/BZhHKalBVKr/
https://www.instagram.com/p/B3NereZFRfa/
https://www.instagram.com/p/Bc72OZjBrHW/
https://www.instagram.com/p/CAwBpCqp5_x/
https://www.instagram.com/p/B50mkEUFxlb/
https://www.instagram.com/p/B4QcnNElsK-/
https://www.instagram.com/p/Bdf_gesBVnv/
https://www.instagram.com/p/BWlSiOGhcXo/
https://www.instagram.com/p/BrLL5_XA1Hc/
https://www.instagram.com/p/BXHR8PRhtbQ/
https://www.instagram.com/p/B84Om6yJ_2X/
https://www.instagram.com/p/CBBNCbYpIVJ/
https://www.instagram.com/p/Bag9GcLhKsc/
https://www.instagram.com/p/BicVUqGFdmI/
https://www.instagram.com/p/B-SYLZgpqEa/
https://www.instagram.com/p/BNPc62qBZzR/
https://www.instagram.com/p/B9Fi2EZJvo7/
https://www.instagram.com/p/BQWEOaFg5Qq/
https://www.instagram.com/p/BMxEy-pAmHY/
https://www.instagram.com/p/BqQdgyaACCv/
https://www.instagram.com/p/BxidG_uF4ti/
